This is pdfTeX, Version 3.14159265-2.6-1.40.16 (TeX Live 2015) (preloaded format=pdflatex 2015.5.24)  5 JAN 2016 11:54
entering extended mode
 restricted \write18 enabled.
 file:line:error style messages enabled.
 %&-line parsing enabled.
**"Mason PhD Dissertation.tex"
(./Mason PhD Dissertation.tex
LaTeX2e <2015/01/01>
Babel <3.9l> and hyphenation patterns for 79 languages loaded.
(./thesis.cls
Document Class: thesis 2014/03/27

--------------------------------------------------------------
 +---+ Thesis Style (thesis.cls) version 1.13
 +---+ for University of Colorado Ph.D. theses/dissertations.
 * Conforms to the University of Colorado at Boulder Graduate
 * School "SPECIFICATIONS for Preparation of Master's Thesis
 * and Doctoral Dissertations" (rev. March 2014).
--------------------------------------------------------------
 URL: http://www.colorado.edu/oit/software-hardware/tex-latex

(/usr/local/texlive/2015/texmf-dist/tex/latex/base/report.cls
Document Class: report 2014/09/29 v1.4h Standard LaTeX document class
(/usr/local/texlive/2015/texmf-dist/tex/latex/base/size11.clo
File: size11.clo 2014/09/29 v1.4h Standard LaTeX file (size option)
)
\c@part=\count79
\c@chapter=\count80
\c@section=\count81
\c@subsection=\count82
\c@subsubsection=\count83
\c@paragraph=\count84
\c@subparagraph=\count85
\c@figure=\count86
\c@table=\count87
\abovecaptionskip=\skip41
\belowcaptionskip=\skip42
\bibindent=\dimen102
)
(/usr/local/texlive/2015/texmf-dist/tex/latex/tools/indentfirst.sty
Package: indentfirst 1995/11/23 v1.03 Indent first paragraph (DPC)
)
(/usr/local/texlive/2015/texmf-dist/tex/latex/base/ifthen.sty
Package: ifthen 2014/09/29 v1.1c Standard LaTeX ifthen package (DPC)
)
(/usr/local/texlive/2015/texmf-dist/tex/generic/ulem/ulem.sty
\UL@box=\box26
\UL@hyphenbox=\box27
\UL@skip=\skip43
\UL@hook=\toks14
\UL@height=\dimen103
\UL@pe=\count88
\UL@pixel=\dimen104
\ULC@box=\box28
Package: ulem 2012/05/18
\ULdepth=\dimen105
)
\c@th@SecNum=\count89
\c@th@SectionSave=\count90
\th@SubSubSecSpc=\skip44
\c@th@storepage=\count91
)
(/usr/local/texlive/2015/texmf-dist/tex/latex/amsfonts/amssymb.sty
Package: amssymb 2013/01/14 v3.01 AMS font symbols

(/usr/local/texlive/2015/texmf-dist/tex/latex/amsfonts/amsfonts.sty
Package: amsfonts 2013/01/14 v3.01 Basic AMSFonts support
\@emptytoks=\toks15
\symAMSa=\mathgroup4
\symAMSb=\mathgroup5
LaTeX Font Info:    Overwriting math alphabet `\mathfrak' in version `bold'
(Font)                  U/euf/m/n --> U/euf/b/n on input line 106.
))
(/usr/local/texlive/2015/texmf-dist/tex/latex/graphics/graphicx.sty
Package: graphicx 2014/10/28 v1.0g Enhanced LaTeX Graphics (DPC,SPQR)

(/usr/local/texlive/2015/texmf-dist/tex/latex/graphics/keyval.sty
Package: keyval 2014/10/28 v1.15 key=value parser (DPC)
\KV@toks@=\toks16
)
(/usr/local/texlive/2015/texmf-dist/tex/latex/graphics/graphics.sty
Package: graphics 2014/10/28 v1.0p Standard LaTeX Graphics (DPC,SPQR)

(/usr/local/texlive/2015/texmf-dist/tex/latex/graphics/trig.sty
Package: trig 1999/03/16 v1.09 sin cos tan (DPC)
)
(/usr/local/texlive/2015/texmf-dist/tex/latex/latexconfig/graphics.cfg
File: graphics.cfg 2010/04/23 v1.9 graphics configuration of TeX Live
)
Package graphics Info: Driver file: pdftex.def on input line 94.

(/usr/local/texlive/2015/texmf-dist/tex/latex/pdftex-def/pdftex.def
File: pdftex.def 2011/05/27 v0.06d Graphics/color for pdfTeX

(/usr/local/texlive/2015/texmf-dist/tex/generic/oberdiek/infwarerr.sty
Package: infwarerr 2010/04/08 v1.3 Providing info/warning/error messages (HO)
)
(/usr/local/texlive/2015/texmf-dist/tex/generic/oberdiek/ltxcmds.sty
Package: ltxcmds 2011/11/09 v1.22 LaTeX kernel commands for general use (HO)
)
\Gread@gobject=\count92
))
\Gin@req@height=\dimen106
\Gin@req@width=\dimen107
)
(/usr/local/texlive/2015/texmf-dist/tex/latex/hyperref/hyperref.sty
Package: hyperref 2012/11/06 v6.83m Hypertext links for LaTeX

(/usr/local/texlive/2015/texmf-dist/tex/generic/oberdiek/hobsub-hyperref.sty
Package: hobsub-hyperref 2012/05/28 v1.13 Bundle oberdiek, subset hyperref (HO)


(/usr/local/texlive/2015/texmf-dist/tex/generic/oberdiek/hobsub-generic.sty
Package: hobsub-generic 2012/05/28 v1.13 Bundle oberdiek, subset generic (HO)
Package: hobsub 2012/05/28 v1.13 Construct package bundles (HO)
Package hobsub Info: Skipping package `infwarerr' (already loaded).
Package hobsub Info: Skipping package `ltxcmds' (already loaded).
Package: ifluatex 2010/03/01 v1.3 Provides the ifluatex switch (HO)
Package ifluatex Info: LuaTeX not detected.
Package: ifvtex 2010/03/01 v1.5 Detect VTeX and its facilities (HO)
Package ifvtex Info: VTeX not detected.
Package: intcalc 2007/09/27 v1.1 Expandable calculations with integers (HO)
Package: ifpdf 2011/01/30 v2.3 Provides the ifpdf switch (HO)
Package ifpdf Info: pdfTeX in PDF mode is detected.
Package: etexcmds 2011/02/16 v1.5 Avoid name clashes with e-TeX commands (HO)
Package etexcmds Info: Could not find \expanded.
(etexcmds)             That can mean that you are not using pdfTeX 1.50 or
(etexcmds)             that some package has redefined \expanded.
(etexcmds)             In the latter case, load this package earlier.
Package: kvsetkeys 2012/04/25 v1.16 Key value parser (HO)
Package: kvdefinekeys 2011/04/07 v1.3 Define keys (HO)
Package: pdftexcmds 2011/11/29 v0.20 Utility functions of pdfTeX for LuaTeX (HO
)
Package pdftexcmds Info: LuaTeX not detected.
Package pdftexcmds Info: \pdf@primitive is available.
Package pdftexcmds Info: \pdf@ifprimitive is available.
Package pdftexcmds Info: \pdfdraftmode found.
Package: pdfescape 2011/11/25 v1.13 Implements pdfTeX's escape features (HO)
Package: bigintcalc 2012/04/08 v1.3 Expandable calculations on big integers (HO
)
Package: bitset 2011/01/30 v1.1 Handle bit-vector datatype (HO)
Package: uniquecounter 2011/01/30 v1.2 Provide unlimited unique counter (HO)
)
Package hobsub Info: Skipping package `hobsub' (already loaded).
Package: letltxmacro 2010/09/02 v1.4 Let assignment for LaTeX macros (HO)
Package: hopatch 2012/05/28 v1.2 Wrapper for package hooks (HO)
Package: xcolor-patch 2011/01/30 xcolor patch
Package: atveryend 2011/06/30 v1.8 Hooks at the very end of document (HO)
Package atveryend Info: \enddocument detected (standard20110627).
Package: atbegshi 2011/10/05 v1.16 At begin shipout hook (HO)
Package: refcount 2011/10/16 v3.4 Data extraction from label references (HO)
Package: hycolor 2011/01/30 v1.7 Color options for hyperref/bookmark (HO)
)
(/usr/local/texlive/2015/texmf-dist/tex/generic/ifxetex/ifxetex.sty
Package: ifxetex 2010/09/12 v0.6 Provides ifxetex conditional
)
(/usr/local/texlive/2015/texmf-dist/tex/latex/oberdiek/auxhook.sty
Package: auxhook 2011/03/04 v1.3 Hooks for auxiliary files (HO)


Package auxhook Warning: Cannot patch \document,
(auxhook)                using \AtBeginDocument instead.

) (/usr/local/texlive/2015/texmf-dist/tex/latex/oberdiek/kvoptions.sty
Package: kvoptions 2011/06/30 v3.11 Key value format for package options (HO)
)
\@linkdim=\dimen108
\Hy@linkcounter=\count93
\Hy@pagecounter=\count94

(/usr/local/texlive/2015/texmf-dist/tex/latex/hyperref/pd1enc.def
File: pd1enc.def 2012/11/06 v6.83m Hyperref: PDFDocEncoding definition (HO)
)
\Hy@SavedSpaceFactor=\count95

(/usr/local/texlive/2015/texmf-dist/tex/latex/latexconfig/hyperref.cfg
File: hyperref.cfg 2002/06/06 v1.2 hyperref configuration of TeXLive
)
Package hyperref Info: Hyper figures OFF on input line 4443.
Package hyperref Info: Link nesting OFF on input line 4448.
Package hyperref Info: Hyper index ON on input line 4451.
Package hyperref Info: Plain pages OFF on input line 4458.
Package hyperref Info: Backreferencing OFF on input line 4463.
Package hyperref Info: Implicit mode ON; LaTeX internals redefined.
Package hyperref Info: Bookmarks ON on input line 4688.
\c@Hy@tempcnt=\count96

(/usr/local/texlive/2015/texmf-dist/tex/latex/url/url.sty
\Urlmuskip=\muskip10
Package: url 2013/09/16  ver 3.4  Verb mode for urls, etc.
)
LaTeX Info: Redefining \url on input line 5041.
\XeTeXLinkMargin=\dimen109
\Fld@menulength=\count97
\Field@Width=\dimen110
\Fld@charsize=\dimen111
Package hyperref Info: Hyper figures OFF on input line 6295.
Package hyperref Info: Link nesting OFF on input line 6300.
Package hyperref Info: Hyper index ON on input line 6303.
Package hyperref Info: backreferencing OFF on input line 6310.
Package hyperref Info: Link coloring OFF on input line 6315.
Package hyperref Info: Link coloring with OCG OFF on input line 6320.
Package hyperref Info: PDF/A mode OFF on input line 6325.
LaTeX Info: Redefining \ref on input line 6365.
LaTeX Info: Redefining \pageref on input line 6369.
\Hy@abspage=\count98
\c@Item=\count99
\c@Hfootnote=\count100
)

Package hyperref Message: Driver (autodetected): hpdftex.

(/usr/local/texlive/2015/texmf-dist/tex/latex/hyperref/hpdftex.def
File: hpdftex.def 2012/11/06 v6.83m Hyperref driver for pdfTeX
\Fld@listcount=\count101
\c@bookmark@seq@number=\count102

(/usr/local/texlive/2015/texmf-dist/tex/latex/oberdiek/rerunfilecheck.sty
Package: rerunfilecheck 2011/04/15 v1.7 Rerun checks for auxiliary files (HO)
Package uniquecounter Info: New unique counter `rerunfilecheck' on input line 2
82.
)
\Hy@SectionHShift=\skip45
)
Putting page number on short LoF
Putting page number on short LoT

(/Users/jmason86/Dropbox/Research/Woods_LASP/Papers/20160501 Dissertation/PhD_D
issertation/LaTeX/.texpadtmp/Mason PhD Dissertation.aux

LaTeX Warning: Label `xfigDiagram' multiply defined.


LaTeX Warning: Label `bitmapImages' multiply defined.


LaTeX Warning: Label `powertable' multiply defined.


LaTeX Warning: Label `xfigDiagram' multiply defined.


LaTeX Warning: Label `bitmapImages' multiply defined.


LaTeX Warning: Label `powertable' multiply defined.


LaTeX Warning: Label `xfigDiagram' multiply defined.


LaTeX Warning: Label `bitmapImages' multiply defined.


LaTeX Warning: Label `powertable' multiply defined.


LaTeX Warning: Label `xfigDiagram' multiply defined.


LaTeX Warning: Label `bitmapImages' multiply defined.


LaTeX Warning: Label `powertable' multiply defined.


LaTeX Warning: Label `xfigDiagram' multiply defined.


LaTeX Warning: Label `bitmapImages' multiply defined.


LaTeX Warning: Label `powertable' multiply defined.


LaTeX Warning: Label `xfigDiagram' multiply defined.


LaTeX Warning: Label `bitmapImages' multiply defined.


LaTeX Warning: Label `powertable' multiply defined.

)
\openout1 = `"Mason PhD Dissertation.aux"'.

LaTeX Font Info:    Checking defaults for OML/cmm/m/it on input line 58.
LaTeX Font Info:    ... okay on input line 58.
LaTeX Font Info:    Checking defaults for T1/cmr/m/n on input line 58.
LaTeX Font Info:    ... okay on input line 58.
LaTeX Font Info:    Checking defaults for OT1/cmr/m/n on input line 58.
LaTeX Font Info:    ... okay on input line 58.
LaTeX Font Info:    Checking defaults for OMS/cmsy/m/n on input line 58.
LaTeX Font Info:    ... okay on input line 58.
LaTeX Font Info:    Checking defaults for OMX/cmex/m/n on input line 58.
LaTeX Font Info:    ... okay on input line 58.
LaTeX Font Info:    Checking defaults for U/cmr/m/n on input line 58.
LaTeX Font Info:    ... okay on input line 58.
LaTeX Font Info:    Checking defaults for PD1/pdf/m/n on input line 58.
LaTeX Font Info:    ... okay on input line 58.
 (/usr/local/texlive/2015/texmf-dist/tex/context/base/supp-pdf.mkii
[Loading MPS to PDF converter (version 2006.09.02).]
\scratchcounter=\count103
\scratchdimen=\dimen112
\scratchbox=\box29
\nofMPsegments=\count104
\nofMParguments=\count105
\everyMPshowfont=\toks17
\MPscratchCnt=\count106
\MPscratchDim=\dimen113
\MPnumerator=\count107
\makeMPintoPDFobject=\count108
\everyMPtoPDFconversion=\toks18
) (/usr/local/texlive/2015/texmf-dist/tex/latex/oberdiek/epstopdf-base.sty
Package: epstopdf-base 2010/02/09 v2.5 Base part for package epstopdf

(/usr/local/texlive/2015/texmf-dist/tex/latex/oberdiek/grfext.sty
Package: grfext 2010/08/19 v1.1 Manage graphics extensions (HO)
)
Package grfext Info: Graphics extension search list:
(grfext)             [.png,.pdf,.jpg,.mps,.jpeg,.jbig2,.jb2,.PNG,.PDF,.JPG,.JPE
G,.JBIG2,.JB2,.eps]
(grfext)             \AppendGraphicsExtensions on input line 452.

(/usr/local/texlive/2015/texmf-dist/tex/latex/latexconfig/epstopdf-sys.cfg
File: epstopdf-sys.cfg 2010/07/13 v1.3 Configuration of (r)epstopdf for TeX Liv
e
))
\AtBeginShipoutBox=\box30
Package hyperref Info: Link coloring OFF on input line 58.

(/usr/local/texlive/2015/texmf-dist/tex/latex/hyperref/nameref.sty
Package: nameref 2012/10/27 v2.43 Cross-referencing by name of section

(/usr/local/texlive/2015/texmf-dist/tex/generic/oberdiek/gettitlestring.sty
Package: gettitlestring 2010/12/03 v1.4 Cleanup title references (HO)
)
\c@section@level=\count109
)
LaTeX Info: Redefining \ref on input line 58.
LaTeX Info: Redefining \pageref on input line 58.
LaTeX Info: Redefining \nameref on input line 58.

(/Users/jmason86/Dropbox/Research/Woods_LASP/Papers/20160501 Dissertation/PhD_D
issertation/LaTeX/.texpadtmp/Mason PhD Dissertation.out)
(/Users/jmason86/Dropbox/Research/Woods_LASP/Papers/20160501 Dissertation/PhD_D
issertation/LaTeX/.texpadtmp/Mason PhD Dissertation.out)
\@outlinefile=\write3
\openout3 = `"Mason PhD Dissertation.out"'.


Making Title Page
Making Approval Page
[1


{/usr/local/texlive/2015/texmf-var/fonts/map/pdftex/updmap/pdftex.map}]
Making Abstract Page
[2

]
LaTeX Font Info:    Try loading font information for U+msa on input line 58.
 (/usr/local/texlive/2015/texmf-dist/tex/latex/amsfonts/umsa.fd
File: umsa.fd 2013/01/14 v3.01 AMS symbols A
)
LaTeX Font Info:    Try loading font information for U+msb on input line 58.

(/usr/local/texlive/2015/texmf-dist/tex/latex/amsfonts/umsb.fd
File: umsb.fd 2013/01/14 v3.01 AMS symbols B
)
Making Dedication Page
[3

]
centered
Making Acknowledgement Page
[4


]
centered
Making ToC Page
[5


]
centered

(/Users/jmason86/Dropbox/Research/Woods_LASP/Papers/20160501 Dissertation/PhD_D
issertation/LaTeX/.texpadtmp/Mason PhD Dissertation.toc [6

])
\tf@toc=\write4
\openout4 = `"Mason PhD Dissertation.toc"'.


Making LoT Page
Making Short LoT...
[7]
centered
Short Chapter (page numbered)

(/Users/jmason86/Dropbox/Research/Woods_LASP/Papers/20160501 Dissertation/PhD_D
issertation/LaTeX/.texpadtmp/Mason PhD Dissertation.lot)
\tf@lot=\write5
\openout5 = `"Mason PhD Dissertation.lot"'.


Making LoF Page
Making Short LoF...
[8

]
centered
Short Chapter (page numbered)

(/Users/jmason86/Dropbox/Research/Woods_LASP/Papers/20160501 Dissertation/PhD_D
issertation/LaTeX/.texpadtmp/Mason PhD Dissertation.lof)
\tf@lof=\write6
\openout6 = `"Mason PhD Dissertation.lof"'.




-------------------Beginning Body----------------------


[9

] (./macros.tex
\c@th@theorem=\count110
) (./chapter1.tex
 \th@ChapterStyle\th@DoChapCenterChapter \th@ChapterStyle 1.
centered
<figs/cyl.pdf, id=228, 467.7475pt x 223.83624pt>
File: figs/cyl.pdf Graphic file (type pdf)
 <use figs/cyl.pdf>
Package pdftex.def Info: figs/cyl.pdf used on input line 52.
(pdftex.def)             Requested size: 284.52756pt x 136.1642pt.

<figs/drawing.png, id=229, 361.35pt x 308.15125pt>
File: figs/drawing.png Graphic file (type png)
 <use figs/drawing.png>
Package pdftex.def Info: figs/drawing.png used on input line 74.
(pdftex.def)             Requested size: 199.16928pt x 169.84575pt.

<figs/drawing.jpg, id=230, 361.35pt x 308.15125pt>
File: figs/drawing.jpg Graphic file (type jpg)
 <use figs/drawing.jpg>
Package pdftex.def Info: figs/drawing.jpg used on input line 78.
(pdftex.def)             Requested size: 199.16928pt x 169.84575pt.

[1


] [2 <./figs/cyl.pdf> <./figs/drawing.png (PNG copy)> <./figs/drawing.jpg>]
LaTeX Font Info:    Try loading font information for OMS+cmr on input line 100.


(/usr/local/texlive/2015/texmf-dist/tex/latex/base/omscmr.fd
File: omscmr.fd 2014/09/29 v2.5h Standard LaTeX font definitions
)
LaTeX Font Info:    Font shape `OMS/cmr/m/n' in size <10.95> not available
(Font)              Font shape `OMS/cmsy/m/n' tried instead on input line 100.
 [3])
(./chapter2.tex [4]
 \th@ChapterStyle\th@DoChapCenterChapter \th@ChapterStyle 2.
centered
<figs/pyr.pdf, id=289, 431.6125pt x 525.965pt>
File: figs/pyr.pdf Graphic file (type pdf)
 <use figs/pyr.pdf>
Package pdftex.def Info: figs/pyr.pdf used on input line 64.
(pdftex.def)             Requested size: 256.0748pt x 312.06622pt.
 [5

] [6 <./figs/pyr.pdf>]
Overfull \hbox (19.65895pt too wide) in paragraph at lines 82--85
[]\OT1/cmr/m/n/10.95 And now, here is an ex-am-ple of us-ing the macros []\OT1/
cmtt/m/n/10.95 \begin{singlespace} \OT1/cmr/m/n/10.95 and []\OT1/cmtt/m/n/10.95
 \end{singlespace}\OT1/cmr/m/n/10.95 ;
 []

<figs/tableD.pdf, id=306, 614.295pt x 794.97pt>
File: figs/tableD.pdf Graphic file (type pdf)
 <use figs/tableD.pdf>
Package pdftex.def Info: figs/tableD.pdf used on input line 114.
(pdftex.def)             Requested size: 393.87128pt x 509.72522pt.
 [7]
[8 <./figs/tableD.pdf>] [9] [10]

LaTeX Warning: Reference `introchap' on page 11 undefined on input line 264.

) (./chapter3.tex [11]
 \th@ChapterStyle\th@DoChapCenterChapter \th@ChapterStyle 3.
centered
File: figs/cyl.pdf Graphic file (type pdf)
<use figs/cyl.pdf>
Package pdftex.def Info: figs/cyl.pdf used on input line 52.
(pdftex.def)             Requested size: 284.52756pt x 136.1642pt.
File: figs/drawing.png Graphic file (type png)
 <use figs/drawing.png>
Package pdftex.def Info: figs/drawing.png used on input line 74.
(pdftex.def)             Requested size: 199.16928pt x 169.84575pt.
File: figs/drawing.jpg Graphic file (type jpg)
 <use figs/drawing.jpg>
Package pdftex.def Info: figs/drawing.jpg used on input line 78.
(pdftex.def)             Requested size: 199.16928pt x 169.84575pt.
 [12

] [13]
[14]) (./chapter4.tex [15]
 \th@ChapterStyle\th@DoChapCenterChapter \th@ChapterStyle 4.
centered
File: figs/cyl.pdf Graphic file (type pdf)
<use figs/cyl.pdf>
Package pdftex.def Info: figs/cyl.pdf used on input line 52.
(pdftex.def)             Requested size: 284.52756pt x 136.1642pt.
File: figs/drawing.png Graphic file (type png)
 <use figs/drawing.png>
Package pdftex.def Info: figs/drawing.png used on input line 74.
(pdftex.def)             Requested size: 199.16928pt x 169.84575pt.
File: figs/drawing.jpg Graphic file (type jpg)
 <use figs/drawing.jpg>
Package pdftex.def Info: figs/drawing.jpg used on input line 78.
(pdftex.def)             Requested size: 199.16928pt x 169.84575pt.
 [16

] [17]
[18]) (./chapter5.tex [19]
 \th@ChapterStyle\th@DoChapCenterChapter \th@ChapterStyle 5.
centered
File: figs/cyl.pdf Graphic file (type pdf)
<use figs/cyl.pdf>
Package pdftex.def Info: figs/cyl.pdf used on input line 52.
(pdftex.def)             Requested size: 284.52756pt x 136.1642pt.
File: figs/drawing.png Graphic file (type png)
 <use figs/drawing.png>
Package pdftex.def Info: figs/drawing.png used on input line 74.
(pdftex.def)             Requested size: 199.16928pt x 169.84575pt.
File: figs/drawing.jpg Graphic file (type jpg)
 <use figs/drawing.jpg>
Package pdftex.def Info: figs/drawing.jpg used on input line 78.
(pdftex.def)             Requested size: 199.16928pt x 169.84575pt.
 [20

] [21]
[22]) (./chapter6.tex [23]
 \th@ChapterStyle\th@DoChapCenterChapter \th@ChapterStyle 6.
centered
File: figs/cyl.pdf Graphic file (type pdf)
<use figs/cyl.pdf>
Package pdftex.def Info: figs/cyl.pdf used on input line 52.
(pdftex.def)             Requested size: 284.52756pt x 136.1642pt.
File: figs/drawing.png Graphic file (type png)
 <use figs/drawing.png>
Package pdftex.def Info: figs/drawing.png used on input line 74.
(pdftex.def)             Requested size: 199.16928pt x 169.84575pt.
File: figs/drawing.jpg Graphic file (type jpg)
 <use figs/drawing.jpg>
Package pdftex.def Info: figs/drawing.jpg used on input line 78.
(pdftex.def)             Requested size: 199.16928pt x 169.84575pt.
 [24

] [25]
[26]) (./chapter7.tex [27]
 \th@ChapterStyle\th@DoChapCenterChapter \th@ChapterStyle 7.
centered
File: figs/cyl.pdf Graphic file (type pdf)
<use figs/cyl.pdf>
Package pdftex.def Info: figs/cyl.pdf used on input line 52.
(pdftex.def)             Requested size: 284.52756pt x 136.1642pt.
File: figs/drawing.png Graphic file (type png)
 <use figs/drawing.png>
Package pdftex.def Info: figs/drawing.png used on input line 74.
(pdftex.def)             Requested size: 199.16928pt x 169.84575pt.
File: figs/drawing.jpg Graphic file (type jpg)
 <use figs/drawing.jpg>
Package pdftex.def Info: figs/drawing.jpg used on input line 78.
(pdftex.def)             Requested size: 199.16928pt x 169.84575pt.
 [28

] [29]
[30]) (./chapter8.tex [31]
 \th@ChapterStyle\th@DoChapCenterChapter \th@ChapterStyle 8.
centered
File: figs/cyl.pdf Graphic file (type pdf)
<use figs/cyl.pdf>
Package pdftex.def Info: figs/cyl.pdf used on input line 52.
(pdftex.def)             Requested size: 284.52756pt x 136.1642pt.
File: figs/drawing.png Graphic file (type png)
 <use figs/drawing.png>
Package pdftex.def Info: figs/drawing.png used on input line 74.
(pdftex.def)             Requested size: 199.16928pt x 169.84575pt.
File: figs/drawing.jpg Graphic file (type jpg)
 <use figs/drawing.jpg>
Package pdftex.def Info: figs/drawing.jpg used on input line 78.
(pdftex.def)             Requested size: 199.16928pt x 169.84575pt.
 [32

] [33]
[34])
(/Users/jmason86/Dropbox/Research/Woods_LASP/Papers/20160501 Dissertation/PhD_D
issertation/LaTeX/.texpadtmp/Mason PhD Dissertation.bbl [35]
centered
) (./appendixA.tex [36

]
 \th@ChapterStyle\th@DoChapCenterAppendix \th@ChapterStyle A.
centered
[37

]) (./appendixB.tex [38]
 \th@ChapterStyle\th@DoChapCenterAppendix \th@ChapterStyle B.
centered
) (./appendixC.tex [39

]
 \th@ChapterStyle\th@DoChapCenterAppendix \th@ChapterStyle C.
centered
)
Package atveryend Info: Empty hook `BeforeClearDocument' on input line 82.
 [40

]
Package atveryend Info: Empty hook `AfterLastShipout' on input line 82.

(/Users/jmason86/Dropbox/Research/Woods_LASP/Papers/20160501 Dissertation/PhD_D
issertation/LaTeX/.texpadtmp/Mason PhD Dissertation.aux)
Package atveryend Info: Executing hook `AtVeryEndDocument' on input line 82.
Package atveryend Info: Executing hook `AtEndAfterFileList' on input line 82.
Package rerunfilecheck Info: File `"Mason PhD Dissertation".out' has not change
d.
(rerunfilecheck)             Checksum: <no file>.


LaTeX Warning: There were undefined references.


LaTeX Warning: There were multiply-defined labels.

Package atveryend Info: Empty hook `AtVeryVeryEnd' on input line 82.
 ) 
Here is how much of TeX's memory you used:
 6167 strings out of 493089
 90971 string characters out of 6134842
 179998 words of memory out of 5000000
 9326 multiletter control sequences out of 15000+600000
 16194 words of font info for 61 fonts, out of 8000000 for 9000
 1141 hyphenation exceptions out of 8191
 29i,13n,39p,1153b,453s stack positions out of 5000i,500n,10000p,200000b,80000s
</usr/local/texlive/2015/texmf-dist/fonts/type1/public/amsfonts/cm/cmbx10.pfb
></usr/local/texlive/2015/texmf-dist/fonts/type1/public/amsfonts/cm/cmbx12.pfb>
</usr/local/texlive/2015/texmf-dist/fonts/type1/public/amsfonts/cm/cmex10.pfb><
/usr/local/texlive/2015/texmf-dist/fonts/type1/public/amsfonts/cm/cmmi10.pfb></
usr/local/texlive/2015/texmf-dist/fonts/type1/public/amsfonts/cm/cmmi8.pfb></us
r/local/texlive/2015/texmf-dist/fonts/type1/public/amsfonts/cm/cmr10.pfb></usr/
local/texlive/2015/texmf-dist/fonts/type1/public/amsfonts/cm/cmr12.pfb></usr/lo
cal/texlive/2015/texmf-dist/fonts/type1/public/amsfonts/cm/cmr17.pfb></usr/loca
l/texlive/2015/texmf-dist/fonts/type1/public/amsfonts/cm/cmr6.pfb></usr/local/t
exlive/2015/texmf-dist/fonts/type1/public/amsfonts/cm/cmr8.pfb></usr/local/texl
ive/2015/texmf-dist/fonts/type1/public/amsfonts/cm/cmr9.pfb></usr/local/texlive
/2015/texmf-dist/fonts/type1/public/amsfonts/cm/cmsy10.pfb></usr/local/texlive/
2015/texmf-dist/fonts/type1/public/amsfonts/cm/cmsy8.pfb></usr/local/texlive/20
15/texmf-dist/fonts/type1/public/amsfonts/cm/cmti10.pfb></usr/local/texlive/201
5/texmf-dist/fonts/type1/public/amsfonts/cm/cmtt10.pfb></usr/local/texlive/2015
/texmf-dist/fonts/type1/public/amsfonts/cm/cmtt12.pfb>
Output written on "/Users/jmason86/Dropbox/Research/Woods_LASP/Papers/20160501 
Dissertation/PhD_Dissertation/LaTeX/.texpadtmp/Mason PhD Dissertation.pdf" (49 
pages, 320452 bytes).
PDF statistics:
 702 PDF objects out of 1000 (max. 8388607)
 618 compressed objects within 7 object streams
 207 named destinations out of 1000 (max. 500000)
 226 words of extra memory for PDF output out of 10000 (max. 10000000)

